<?xml version="1.0" encoding="UTF-8"?>
<!-- Generated by org.testng.reporters.JUnitXMLReporter -->
<testsuite ignored="0" hostname="Felipe-PC" failures="0" tests="4" name="TareaManagerTest" time="0.088" errors="0" timestamp="2025-07-14T22:54:25 CLT">
  <testcase classname="cl.kibernumacademy.service.TareaManagerTest" name="testAgregarTarea" time="0.009"/>
  <testcase classname="cl.kibernumacademy.service.TareaManagerTest" name="testCambiarEstadoTarea" time="0.0"/>
  <testcase classname="cl.kibernumacademy.service.TareaManagerTest" name="testCompletarTareaInexistente" time="0.0"/>
  <testcase classname="cl.kibernumacademy.service.TareaManagerTest" name="testFiltrarPorEstado" time="0.009"/>
</testsuite> <!-- TareaManagerTest -->
